0:0:0:0:0:0:0:1 - - [26/Oct/2018:14:50:28 +0800] "GET / HTTP/1.1" 200 373
0:0:0:0:0:0:0:1 - - [26/Oct/2018:14:50:28 +0800] "GET /favicon.ico HTTP/1.1" 200 946
0:0:0:0:0:0:0:1 - - [26/Oct/2018:14:50:33 +0800] "GET /user/list HTTP/1.1" 200 1794
0:0:0:0:0:0:0:1 - - [26/Oct/2018:14:50:33 +0800] "GET /user/list HTTP/1.1" 200 1794
0:0:0:0:0:0:0:1 - - [26/Oct/2018:15:22:41 +0800] "GET / HTTP/1.1" 200 373
0:0:0:0:0:0:0:1 - - [26/Oct/2018:15:22:46 +0800] "GET /demo HTTP/1.1" 500 436
0:0:0:0:0:0:0:1 - - [26/Oct/2018:15:23:43 +0800] "GET /demo HTTP/1.1" 500 371
0:0:0:0:0:0:0:1 - - [26/Oct/2018:15:26:14 +0800] "GET /demo HTTP/1.1" 200 227
0:0:0:0:0:0:0:1 - - [26/Oct/2018:15:27:30 +0800] "GET /demo HTTP/1.1" 200 2885
0:0:0:0:0:0:0:1 - - [26/Oct/2018:15:35:08 +0800] "GET /demo HTTP/1.1" 200 8528
0:0:0:0:0:0:0:1 - - [26/Oct/2018:15:35:29 +0800] "GET /demo HTTP/1.1" 200 8528
0:0:0:0:0:0:0:1 - - [26/Oct/2018:15:36:32 +0800] "GET /demo HTTP/1.1" 200 8337
0:0:0:0:0:0:0:1 - - [26/Oct/2018:15:56:49 +0800] "GET /demo HTTP/1.1" 200 8337
0:0:0:0:0:0:0:1 - - [26/Oct/2018:15:56:59 +0800] "GET /demo HTTP/1.1" 200 8337
0:0:0:0:0:0:0:1 - - [26/Oct/2018:16:05:47 +0800] "GET /demo HTTP/1.1" 200 8337
0:0:0:0:0:0:0:1 - - [26/Oct/2018:16:12:01 +0800] "GET /test/ HTTP/1.1" 500 437
0:0:0:0:0:0:0:1 - - [26/Oct/2018:16:12:08 +0800] "GET /test/index HTTP/1.1" 404 306
0:0:0:0:0:0:0:1 - - [26/Oct/2018:16:12:16 +0800] "GET /test/ HTTP/1.1" 500 437
0:0:0:0:0:0:0:1 - - [26/Oct/2018:16:12:19 +0800] "GET /test HTTP/1.1" 500 437
0:0:0:0:0:0:0:1 - - [26/Oct/2018:16:14:57 +0800] "GET /test HTTP/1.1" 500 437
0:0:0:0:0:0:0:1 - - [26/Oct/2018:16:15:02 +0800] "GET / HTTP/1.1" 200 373
0:0:0:0:0:0:0:1 - - [26/Oct/2018:16:15:10 +0800] "GET /test HTTP/1.1" 500 437
0:0:0:0:0:0:0:1 - - [26/Oct/2018:16:15:23 +0800] "GET /index.html HTTP/1.1" 404 306
0:0:0:0:0:0:0:1 - - [26/Oct/2018:16:16:33 +0800] "GET /index.html HTTP/1.1" 404 306
0:0:0:0:0:0:0:1 - - [26/Oct/2018:16:16:38 +0800] "GET /test HTTP/1.1" 404 306
0:0:0:0:0:0:0:1 - - [26/Oct/2018:16:16:49 +0800] "GET /test/index.html HTTP/1.1" 404 306
0:0:0:0:0:0:0:1 - - [26/Oct/2018:16:18:05 +0800] "GET /test HTTP/1.1" 500 437
0:0:0:0:0:0:0:1 - - [26/Oct/2018:16:19:46 +0800] "GET /test HTTP/1.1" 500 437
0:0:0:0:0:0:0:1 - - [26/Oct/2018:16:22:58 +0800] "GET /demo HTTP/1.1" 404 306
0:0:0:0:0:0:0:1 - - [26/Oct/2018:16:25:12 +0800] "GET /demo HTTP/1.1" 200 8337
0:0:0:0:0:0:0:1 - - [26/Oct/2018:16:33:01 +0800] "GET /demo HTTP/1.1" 500 372
0:0:0:0:0:0:0:1 - - [26/Oct/2018:16:34:05 +0800] "GET /demo HTTP/1.1" 500 442
0:0:0:0:0:0:0:1 - - [26/Oct/2018:16:34:57 +0800] "GET /demo HTTP/1.1" 500 442
0:0:0:0:0:0:0:1 - - [26/Oct/2018:16:35:17 +0800] "GET /demo HTTP/1.1" 500 372
0:0:0:0:0:0:0:1 - - [26/Oct/2018:16:35:26 +0800] "GET /demo HTTP/1.1" 500 372
0:0:0:0:0:0:0:1 - - [26/Oct/2018:16:46:46 +0800] "GET /demo HTTP/1.1" 500 372
0:0:0:0:0:0:0:1 - - [26/Oct/2018:16:47:20 +0800] "GET / HTTP/1.1" 200 373
0:0:0:0:0:0:0:1 - - [26/Oct/2018:16:49:34 +0800] "GET /demo HTTP/1.1" 500 372
0:0:0:0:0:0:0:1 - - [26/Oct/2018:16:50:48 +0800] "GET /demo HTTP/1.1" 500 375
0:0:0:0:0:0:0:1 - - [26/Oct/2018:16:51:59 +0800] "GET /demo HTTP/1.1" 500 375
0:0:0:0:0:0:0:1 - - [26/Oct/2018:16:52:50 +0800] "GET /demo HTTP/1.1" 200 6638
0:0:0:0:0:0:0:1 - - [26/Oct/2018:16:52:50 +0800] "GET /form_builder/summernote.css HTTP/1.1" 200 8550
0:0:0:0:0:0:0:1 - - [26/Oct/2018:16:52:50 +0800] "GET /css/bootstrap-datetimepicker.min.css HTTP/1.1" 200 11276
0:0:0:0:0:0:0:1 - - [26/Oct/2018:16:52:50 +0800] "GET /css/fileinput.min.css HTTP/1.1" 200 5653
0:0:0:0:0:0:0:1 - - [26/Oct/2018:16:52:50 +0800] "GET /javascript/distpicker.min.js HTTP/1.1" 200 3091
0:0:0:0:0:0:0:1 - - [26/Oct/2018:16:52:50 +0800] "GET /js/bootstrap.min.js HTTP/1.1" 200 37045
0:0:0:0:0:0:0:1 - - [26/Oct/2018:16:52:50 +0800] "GET /javascript/bootstrap-datetimepicker.min.js HTTP/1.1" 200 39213
0:0:0:0:0:0:0:1 - - [26/Oct/2018:16:52:50 +0800] "GET /javascript/fileinput.min.js HTTP/1.1" 200 73633
0:0:0:0:0:0:0:1 - - [26/Oct/2018:16:52:50 +0800] "GET /form_builder/beautifyhtml.js HTTP/1.1" 200 22750
0:0:0:0:0:0:0:1 - - [26/Oct/2018:16:52:50 +0800] "GET /javascript/zh.js HTTP/1.1" 200 3725
0:0:0:0:0:0:0:1 - - [26/Oct/2018:16:52:50 +0800] "GET /css/bootstrap.min.css HTTP/1.1" 200 121200
0:0:0:0:0:0:0:1 - - [26/Oct/2018:16:52:50 +0800] "GET /js/jquery-ui.min.js HTTP/1.1" 200 228478
0:0:0:0:0:0:0:1 - - [26/Oct/2018:16:52:50 +0800] "GET /javascript/bootstrap-datetimepicker.zh-CN.js HTTP/1.1" 200 813
0:0:0:0:0:0:0:1 - - [26/Oct/2018:16:52:50 +0800] "GET /js/jquery.min.js HTTP/1.1" 200 93106
0:0:0:0:0:0:0:1 - - [26/Oct/2018:16:52:50 +0800] "GET /form_builder/style.min862f.css HTTP/1.1" 200 96400
0:0:0:0:0:0:0:1 - - [26/Oct/2018:16:52:50 +0800] "GET /css/index.css HTTP/1.1" 200 5630
0:0:0:0:0:0:0:1 - - [26/Oct/2018:16:52:50 +0800] "GET /form_builder/animate.min.css HTTP/1.1" 200 47161
0:0:0:0:0:0:0:1 - - [26/Oct/2018:16:52:50 +0800] "GET /javascript/index.js HTTP/1.1" 200 32960
0:0:0:0:0:0:0:1 - - [26/Oct/2018:16:52:50 +0800] "GET /javascript/distpicker.data.min.js HTTP/1.1" 200 68747
0:0:0:0:0:0:0:1 - - [26/Oct/2018:16:52:50 +0800] "GET /image/add_form_img01.png HTTP/1.1" 200 282
0:0:0:0:0:0:0:1 - - [26/Oct/2018:16:52:50 +0800] "GET /image/add_form_img05.png HTTP/1.1" 200 269
0:0:0:0:0:0:0:1 - - [26/Oct/2018:16:52:50 +0800] "GET /image/add_form_img03.png HTTP/1.1" 200 360
0:0:0:0:0:0:0:1 - - [26/Oct/2018:16:52:50 +0800] "GET /image/add_form_img04.png HTTP/1.1" 200 372
0:0:0:0:0:0:0:1 - - [26/Oct/2018:16:52:50 +0800] "GET /image/add_form_img02.png HTTP/1.1" 200 335
0:0:0:0:0:0:0:1 - - [26/Oct/2018:16:52:50 +0800] "GET /image/add_form_img06.png HTTP/1.1" 200 348
0:0:0:0:0:0:0:1 - - [26/Oct/2018:16:52:50 +0800] "GET /css/font-awesome.min.css HTTP/1.1" 404 139
0:0:0:0:0:0:0:1 - - [26/Oct/2018:16:52:50 +0800] "GET /image/add_form_img07.png HTTP/1.1" 200 295
0:0:0:0:0:0:0:1 - - [26/Oct/2018:16:52:50 +0800] "GET /image/add_form_img08.png HTTP/1.1" 200 331
0:0:0:0:0:0:0:1 - - [26/Oct/2018:16:52:50 +0800] "GET /image/set-til.png HTTP/1.1" 404 132
0:0:0:0:0:0:0:1 - - [26/Oct/2018:16:59:58 +0800] "GET /demo HTTP/1.1" 200 6638
0:0:0:0:0:0:0:1 - - [26/Oct/2018:16:59:59 +0800] "GET /css/bootstrap.min.css HTTP/1.1" 404 136
0:0:0:0:0:0:0:1 - - [26/Oct/2018:16:59:59 +0800] "GET /js/jquery-ui.min.js HTTP/1.1" 404 134
0:0:0:0:0:0:0:1 - - [26/Oct/2018:16:59:59 +0800] "GET /form_builder/summernote.css HTTP/1.1" 404 142
0:0:0:0:0:0:0:1 - - [26/Oct/2018:16:59:59 +0800] "GET /css/font-awesome.min.css HTTP/1.1" 404 139
0:0:0:0:0:0:0:1 - - [26/Oct/2018:17:00:00 +0800] "GET /form_builder/beautifyhtml.js HTTP/1.1" 404 143
0:0:0:0:0:0:0:1 - - [26/Oct/2018:16:59:59 +0800] "GET /javascript/distpicker.data.min.js HTTP/1.1" 404 148
0:0:0:0:0:0:0:1 - - [26/Oct/2018:16:59:59 +0800] "GET /css/bootstrap-datetimepicker.min.css HTTP/1.1" 404 151
0:0:0:0:0:0:0:1 - - [26/Oct/2018:16:59:59 +0800] "GET /javascript/fileinput.min.js HTTP/1.1" 404 142
0:0:0:0:0:0:0:1 - - [26/Oct/2018:16:59:59 +0800] "GET /css/fileinput.min.css HTTP/1.1" 404 136
0:0:0:0:0:0:0:1 - - [26/Oct/2018:16:59:59 +0800] "GET /js/jquery.min.js HTTP/1.1" 404 131
0:0:0:0:0:0:0:1 - - [26/Oct/2018:16:59:59 +0800] "GET /javascript/distpicker.min.js HTTP/1.1" 404 143
0:0:0:0:0:0:0:1 - - [26/Oct/2018:17:00:00 +0800] "GET /javascript/zh.js HTTP/1.1" 404 131
0:0:0:0:0:0:0:1 - - [26/Oct/2018:17:00:00 +0800] "GET /js/bootstrap.min.js HTTP/1.1" 404 134
0:0:0:0:0:0:0:1 - - [26/Oct/2018:16:59:59 +0800] "GET /css/index.css HTTP/1.1" 404 128
0:0:0:0:0:0:0:1 - - [26/Oct/2018:16:59:59 +0800] "GET /js/bootstrap.min.js HTTP/1.1" 404 134
0:0:0:0:0:0:0:1 - - [26/Oct/2018:16:59:59 +0800] "GET /javascript/bootstrap-datetimepicker.zh-CN.js HTTP/1.1" 404 159
0:0:0:0:0:0:0:1 - - [26/Oct/2018:16:59:59 +0800] "GET /javascript/bootstrap-datetimepicker.min.js HTTP/1.1" 404 157
0:0:0:0:0:0:0:1 - - [26/Oct/2018:17:00:00 +0800] "GET /image/add_form_img01.png HTTP/1.1" 404 139
0:0:0:0:0:0:0:1 - - [26/Oct/2018:16:59:59 +0800] "GET /form_builder/style.min862f.css HTTP/1.1" 404 145
0:0:0:0:0:0:0:1 - - [26/Oct/2018:17:00:00 +0800] "GET /javascript/index.js HTTP/1.1" 404 134
0:0:0:0:0:0:0:1 - - [26/Oct/2018:16:59:59 +0800] "GET /form_builder/animate.min.css HTTP/1.1" 404 143
0:0:0:0:0:0:0:1 - - [26/Oct/2018:17:00:00 +0800] "GET /javascript/fileinput.min.js HTTP/1.1" 404 142
0:0:0:0:0:0:0:1 - - [26/Oct/2018:17:00:00 +0800] "GET /javascript/bootstrap-datetimepicker.min.js HTTP/1.1" 404 157
0:0:0:0:0:0:0:1 - - [26/Oct/2018:17:00:00 +0800] "GET /javascript/distpicker.data.min.js HTTP/1.1" 404 148
0:0:0:0:0:0:0:1 - - [26/Oct/2018:17:00:00 +0800] "GET /image/add_form_img05.png HTTP/1.1" 404 139
0:0:0:0:0:0:0:1 - - [26/Oct/2018:17:00:00 +0800] "GET /image/add_form_img03.png HTTP/1.1" 404 139
0:0:0:0:0:0:0:1 - - [26/Oct/2018:17:00:00 +0800] "GET /javascript/distpicker.min.js HTTP/1.1" 404 143
0:0:0:0:0:0:0:1 - - [26/Oct/2018:17:00:00 +0800] "GET /javascript/bootstrap-datetimepicker.zh-CN.js HTTP/1.1" 404 159
0:0:0:0:0:0:0:1 - - [26/Oct/2018:17:00:00 +0800] "GET /image/add_form_img04.png HTTP/1.1" 404 139
0:0:0:0:0:0:0:1 - - [26/Oct/2018:17:00:00 +0800] "GET /image/add_form_img02.png HTTP/1.1" 404 139
0:0:0:0:0:0:0:1 - - [26/Oct/2018:17:00:00 +0800] "GET /javascript/zh.js HTTP/1.1" 404 131
0:0:0:0:0:0:0:1 - - [26/Oct/2018:17:00:00 +0800] "GET /image/add_form_img06.png HTTP/1.1" 404 139
0:0:0:0:0:0:0:1 - - [26/Oct/2018:17:00:00 +0800] "GET /js/jquery-ui.min.js HTTP/1.1" 404 134
0:0:0:0:0:0:0:1 - - [26/Oct/2018:17:00:01 +0800] "GET /image/add_form_img07.png HTTP/1.1" 404 139
0:0:0:0:0:0:0:1 - - [26/Oct/2018:17:00:03 +0800] "GET /image/add_form_img08.png HTTP/1.1" 404 139
0:0:0:0:0:0:0:1 - - [26/Oct/2018:17:00:03 +0800] "GET /form_builder/beautifyhtml.js HTTP/1.1" 404 143
0:0:0:0:0:0:0:1 - - [26/Oct/2018:17:00:03 +0800] "GET /javascript/index.js HTTP/1.1" 404 134
0:0:0:0:0:0:0:1 - - [26/Oct/2018:17:00:04 +0800] "GET /image/add_form_img02.png HTTP/1.1" 404 139
0:0:0:0:0:0:0:1 - - [26/Oct/2018:17:00:04 +0800] "GET /image/add_form_img06.png HTTP/1.1" 404 139
0:0:0:0:0:0:0:1 - - [26/Oct/2018:17:00:04 +0800] "GET /image/add_form_img01.png HTTP/1.1" 404 139
0:0:0:0:0:0:0:1 - - [26/Oct/2018:17:00:04 +0800] "GET /image/add_form_img03.png HTTP/1.1" 404 139
0:0:0:0:0:0:0:1 - - [26/Oct/2018:17:00:04 +0800] "GET /image/add_form_img05.png HTTP/1.1" 404 139
0:0:0:0:0:0:0:1 - - [26/Oct/2018:17:00:04 +0800] "GET /image/add_form_img04.png HTTP/1.1" 404 139
0:0:0:0:0:0:0:1 - - [26/Oct/2018:17:00:04 +0800] "GET /image/add_form_img07.png HTTP/1.1" 404 139
0:0:0:0:0:0:0:1 - - [26/Oct/2018:17:00:04 +0800] "GET /image/add_form_img08.png HTTP/1.1" 404 139
0:0:0:0:0:0:0:1 - - [26/Oct/2018:17:00:45 +0800] "GET /demo HTTP/1.1" 200 6638
0:0:0:0:0:0:0:1 - - [26/Oct/2018:17:00:45 +0800] "GET /css/font-awesome.min.css HTTP/1.1" 404 139
0:0:0:0:0:0:0:1 - - [26/Oct/2018:17:00:45 +0800] "GET /css/index.css HTTP/1.1" 200 5630
0:0:0:0:0:0:0:1 - - [26/Oct/2018:17:00:45 +0800] "GET /css/fileinput.min.css HTTP/1.1" 200 5653
0:0:0:0:0:0:0:1 - - [26/Oct/2018:17:00:45 +0800] "GET /form_builder/summernote.css HTTP/1.1" 200 8550
0:0:0:0:0:0:0:1 - - [26/Oct/2018:17:00:45 +0800] "GET /css/bootstrap-datetimepicker.min.css HTTP/1.1" 200 11276
0:0:0:0:0:0:0:1 - - [26/Oct/2018:17:00:45 +0800] "GET /javascript/distpicker.min.js HTTP/1.1" 200 3091
0:0:0:0:0:0:0:1 - - [26/Oct/2018:17:00:45 +0800] "GET /javascript/bootstrap-datetimepicker.zh-CN.js HTTP/1.1" 200 813
0:0:0:0:0:0:0:1 - - [26/Oct/2018:17:00:45 +0800] "GET /javascript/zh.js HTTP/1.1" 200 3725
0:0:0:0:0:0:0:1 - - [26/Oct/2018:17:00:45 +0800] "GET /javascript/index.js HTTP/1.1" 200 32960
0:0:0:0:0:0:0:1 - - [26/Oct/2018:17:00:45 +0800] "GET /javascript/fileinput.min.js HTTP/1.1" 200 73633
0:0:0:0:0:0:0:1 - - [26/Oct/2018:17:00:45 +0800] "GET /form_builder/animate.min.css HTTP/1.1" 200 47161
0:0:0:0:0:0:0:1 - - [26/Oct/2018:17:00:45 +0800] "GET /javascript/bootstrap-datetimepicker.min.js HTTP/1.1" 200 39213
0:0:0:0:0:0:0:1 - - [26/Oct/2018:17:00:45 +0800] "GET /js/bootstrap.min.js HTTP/1.1" 200 37045
0:0:0:0:0:0:0:1 - - [26/Oct/2018:17:00:45 +0800] "GET /form_builder/beautifyhtml.js HTTP/1.1" 200 22750
0:0:0:0:0:0:0:1 - - [26/Oct/2018:17:00:45 +0800] "GET /javascript/distpicker.data.min.js HTTP/1.1" 200 68747
0:0:0:0:0:0:0:1 - - [26/Oct/2018:17:00:45 +0800] "GET /js/jquery.min.js HTTP/1.1" 200 93106
0:0:0:0:0:0:0:1 - - [26/Oct/2018:17:00:45 +0800] "GET /css/bootstrap.min.css HTTP/1.1" 200 121200
0:0:0:0:0:0:0:1 - - [26/Oct/2018:17:00:45 +0800] "GET /form_builder/style.min862f.css HTTP/1.1" 200 96400
0:0:0:0:0:0:0:1 - - [26/Oct/2018:17:00:45 +0800] "GET /image/add_form_img01.png HTTP/1.1" 200 282
0:0:0:0:0:0:0:1 - - [26/Oct/2018:17:00:45 +0800] "GET /image/add_form_img05.png HTTP/1.1" 200 269
0:0:0:0:0:0:0:1 - - [26/Oct/2018:17:00:45 +0800] "GET /js/jquery-ui.min.js HTTP/1.1" 200 228478
0:0:0:0:0:0:0:1 - - [26/Oct/2018:17:00:45 +0800] "GET /image/add_form_img03.png HTTP/1.1" 200 360
0:0:0:0:0:0:0:1 - - [26/Oct/2018:17:00:45 +0800] "GET /image/add_form_img04.png HTTP/1.1" 200 372
0:0:0:0:0:0:0:1 - - [26/Oct/2018:17:00:45 +0800] "GET /image/add_form_img02.png HTTP/1.1" 200 335
0:0:0:0:0:0:0:1 - - [26/Oct/2018:17:00:45 +0800] "GET /image/add_form_img06.png HTTP/1.1" 200 348
0:0:0:0:0:0:0:1 - - [26/Oct/2018:17:00:45 +0800] "GET /image/add_form_img07.png HTTP/1.1" 200 295
0:0:0:0:0:0:0:1 - - [26/Oct/2018:17:00:45 +0800] "GET /image/add_form_img08.png HTTP/1.1" 200 331
0:0:0:0:0:0:0:1 - - [26/Oct/2018:17:00:45 +0800] "GET /image/set-til.png HTTP/1.1" 404 132
0:0:0:0:0:0:0:1 - - [26/Oct/2018:17:04:25 +0800] "GET /demo HTTP/1.1" 200 6638
0:0:0:0:0:0:0:1 - - [26/Oct/2018:17:04:25 +0800] "GET /css/bootstrap-datetimepicker.min.css HTTP/1.1" 200 11276
0:0:0:0:0:0:0:1 - - [26/Oct/2018:17:04:25 +0800] "GET /css/index.css HTTP/1.1" 200 5630
0:0:0:0:0:0:0:1 - - [26/Oct/2018:17:04:25 +0800] "GET /javascript/bootstrap-datetimepicker.zh-CN.js HTTP/1.1" 200 813
0:0:0:0:0:0:0:1 - - [26/Oct/2018:17:04:25 +0800] "GET /css/fileinput.min.css HTTP/1.1" 200 5653
0:0:0:0:0:0:0:1 - - [26/Oct/2018:17:04:25 +0800] "GET /javascript/distpicker.min.js HTTP/1.1" 200 3091
0:0:0:0:0:0:0:1 - - [26/Oct/2018:17:04:25 +0800] "GET /form_builder/summernote.css HTTP/1.1" 200 8550
0:0:0:0:0:0:0:1 - - [26/Oct/2018:17:04:25 +0800] "GET /css/font-awesome.min.css HTTP/1.1" 404 139
0:0:0:0:0:0:0:1 - - [26/Oct/2018:17:04:25 +0800] "GET /js/bootstrap.min.js HTTP/1.1" 200 37045
0:0:0:0:0:0:0:1 - - [26/Oct/2018:17:04:25 +0800] "GET /javascript/fileinput.min.js HTTP/1.1" 200 73633
0:0:0:0:0:0:0:1 - - [26/Oct/2018:17:04:25 +0800] "GET /javascript/bootstrap-datetimepicker.min.js HTTP/1.1" 200 39213
0:0:0:0:0:0:0:1 - - [26/Oct/2018:17:04:25 +0800] "GET /javascript/zh.js HTTP/1.1" 200 3725
0:0:0:0:0:0:0:1 - - [26/Oct/2018:17:04:25 +0800] "GET /javascript/index.js HTTP/1.1" 200 32960
0:0:0:0:0:0:0:1 - - [26/Oct/2018:17:04:25 +0800] "GET /javascript/distpicker.data.min.js HTTP/1.1" 200 68747
0:0:0:0:0:0:0:1 - - [26/Oct/2018:17:04:25 +0800] "GET /css/bootstrap.min.css HTTP/1.1" 200 121200
0:0:0:0:0:0:0:1 - - [26/Oct/2018:17:04:25 +0800] "GET /form_builder/animate.min.css HTTP/1.1" 200 47161
0:0:0:0:0:0:0:1 - - [26/Oct/2018:17:04:25 +0800] "GET /form_builder/beautifyhtml.js HTTP/1.1" 200 22750
0:0:0:0:0:0:0:1 - - [26/Oct/2018:17:04:25 +0800] "GET /js/jquery.min.js HTTP/1.1" 200 93106
0:0:0:0:0:0:0:1 - - [26/Oct/2018:17:04:25 +0800] "GET /form_builder/style.min862f.css HTTP/1.1" 200 96400
0:0:0:0:0:0:0:1 - - [26/Oct/2018:17:04:25 +0800] "GET /image/add_form_img01.png HTTP/1.1" 200 282
0:0:0:0:0:0:0:1 - - [26/Oct/2018:17:04:25 +0800] "GET /image/add_form_img05.png HTTP/1.1" 200 269
0:0:0:0:0:0:0:1 - - [26/Oct/2018:17:04:25 +0800] "GET /image/add_form_img03.png HTTP/1.1" 200 360
0:0:0:0:0:0:0:1 - - [26/Oct/2018:17:04:25 +0800] "GET /js/jquery-ui.min.js HTTP/1.1" 200 228478
0:0:0:0:0:0:0:1 - - [26/Oct/2018:17:04:25 +0800] "GET /image/add_form_img04.png HTTP/1.1" 200 372
0:0:0:0:0:0:0:1 - - [26/Oct/2018:17:04:25 +0800] "GET /image/add_form_img02.png HTTP/1.1" 200 335
0:0:0:0:0:0:0:1 - - [26/Oct/2018:17:04:25 +0800] "GET /image/add_form_img06.png HTTP/1.1" 200 348
0:0:0:0:0:0:0:1 - - [26/Oct/2018:17:04:25 +0800] "GET /image/add_form_img07.png HTTP/1.1" 200 295
0:0:0:0:0:0:0:1 - - [26/Oct/2018:17:04:25 +0800] "GET /image/add_form_img08.png HTTP/1.1" 200 331
0:0:0:0:0:0:0:1 - - [26/Oct/2018:17:04:25 +0800] "GET /image/set-til.png HTTP/1.1" 404 132
0:0:0:0:0:0:0:1 - - [26/Oct/2018:17:04:25 +0800] "GET /favicon.ico HTTP/1.1" 200 946
0:0:0:0:0:0:0:1 - - [26/Oct/2018:17:04:32 +0800] "GET /demo HTTP/1.1" 200 6638
0:0:0:0:0:0:0:1 - - [26/Oct/2018:17:04:32 +0800] "GET /css/font-awesome.min.css HTTP/1.1" 404 139
0:0:0:0:0:0:0:1 - - [26/Oct/2018:17:04:32 +0800] "GET /image/set-til.png HTTP/1.1" 404 132
0:0:0:0:0:0:0:1 - - [26/Oct/2018:17:04:37 +0800] "GET /demo HTTP/1.1" 200 6638
0:0:0:0:0:0:0:1 - - [26/Oct/2018:17:04:37 +0800] "GET /css/font-awesome.min.css HTTP/1.1" 404 139
0:0:0:0:0:0:0:1 - - [26/Oct/2018:17:04:37 +0800] "GET /image/set-til.png HTTP/1.1" 404 132
0:0:0:0:0:0:0:1 - - [26/Oct/2018:17:04:54 +0800] "GET /demo HTTP/1.1" 200 6638
0:0:0:0:0:0:0:1 - - [26/Oct/2018:17:04:54 +0800] "GET /css/font-awesome.min.css HTTP/1.1" 404 139
0:0:0:0:0:0:0:1 - - [26/Oct/2018:17:04:54 +0800] "GET /form_builder/animate.min.css HTTP/1.1" 304 -
0:0:0:0:0:0:0:1 - - [26/Oct/2018:17:04:54 +0800] "GET /form_builder/summernote.css HTTP/1.1" 304 -
0:0:0:0:0:0:0:1 - - [26/Oct/2018:17:04:54 +0800] "GET /javascript/bootstrap-datetimepicker.min.js HTTP/1.1" 304 -
0:0:0:0:0:0:0:1 - - [26/Oct/2018:17:04:54 +0800] "GET /javascript/distpicker.min.js HTTP/1.1" 304 -
0:0:0:0:0:0:0:1 - - [26/Oct/2018:17:04:54 +0800] "GET /css/bootstrap.min.css HTTP/1.1" 304 -
0:0:0:0:0:0:0:1 - - [26/Oct/2018:17:04:54 +0800] "GET /css/fileinput.min.css HTTP/1.1" 304 -
0:0:0:0:0:0:0:1 - - [26/Oct/2018:17:04:54 +0800] "GET /css/index.css HTTP/1.1" 304 -
0:0:0:0:0:0:0:1 - - [26/Oct/2018:17:04:54 +0800] "GET /form_builder/beautifyhtml.js HTTP/1.1" 304 -
0:0:0:0:0:0:0:1 - - [26/Oct/2018:17:04:54 +0800] "GET /js/jquery-ui.min.js HTTP/1.1" 304 -
0:0:0:0:0:0:0:1 - - [26/Oct/2018:17:04:54 +0800] "GET /js/bootstrap.min.js HTTP/1.1" 304 -
0:0:0:0:0:0:0:1 - - [26/Oct/2018:17:04:54 +0800] "GET /javascript/distpicker.data.min.js HTTP/1.1" 304 -
0:0:0:0:0:0:0:1 - - [26/Oct/2018:17:04:54 +0800] "GET /form_builder/style.min862f.css HTTP/1.1" 304 -
0:0:0:0:0:0:0:1 - - [26/Oct/2018:17:04:54 +0800] "GET /js/jquery.min.js HTTP/1.1" 304 -
0:0:0:0:0:0:0:1 - - [26/Oct/2018:17:04:54 +0800] "GET /css/bootstrap-datetimepicker.min.css HTTP/1.1" 304 -
0:0:0:0:0:0:0:1 - - [26/Oct/2018:17:04:54 +0800] "GET /javascript/fileinput.min.js HTTP/1.1" 304 -
0:0:0:0:0:0:0:1 - - [26/Oct/2018:17:04:54 +0800] "GET /javascript/zh.js HTTP/1.1" 304 -
0:0:0:0:0:0:0:1 - - [26/Oct/2018:17:04:54 +0800] "GET /javascript/index.js HTTP/1.1" 304 -
0:0:0:0:0:0:0:1 - - [26/Oct/2018:17:04:54 +0800] "GET /javascript/bootstrap-datetimepicker.zh-CN.js HTTP/1.1" 304 -
0:0:0:0:0:0:0:1 - - [26/Oct/2018:17:04:54 +0800] "GET /image/add_form_img01.png HTTP/1.1" 304 -
0:0:0:0:0:0:0:1 - - [26/Oct/2018:17:04:54 +0800] "GET /image/add_form_img05.png HTTP/1.1" 304 -
0:0:0:0:0:0:0:1 - - [26/Oct/2018:17:04:54 +0800] "GET /image/add_form_img03.png HTTP/1.1" 304 -
0:0:0:0:0:0:0:1 - - [26/Oct/2018:17:04:54 +0800] "GET /image/add_form_img04.png HTTP/1.1" 304 -
0:0:0:0:0:0:0:1 - - [26/Oct/2018:17:04:54 +0800] "GET /image/add_form_img02.png HTTP/1.1" 304 -
0:0:0:0:0:0:0:1 - - [26/Oct/2018:17:04:54 +0800] "GET /image/add_form_img06.png HTTP/1.1" 304 -
0:0:0:0:0:0:0:1 - - [26/Oct/2018:17:04:54 +0800] "GET /image/add_form_img07.png HTTP/1.1" 304 -
0:0:0:0:0:0:0:1 - - [26/Oct/2018:17:04:54 +0800] "GET /image/add_form_img08.png HTTP/1.1" 304 -
0:0:0:0:0:0:0:1 - - [26/Oct/2018:17:04:54 +0800] "GET /image/set-til.png HTTP/1.1" 404 132
0:0:0:0:0:0:0:1 - - [26/Oct/2018:17:05:35 +0800] "GET /demo HTTP/1.1" 200 6638
0:0:0:0:0:0:0:1 - - [26/Oct/2018:17:05:35 +0800] "GET /css/bootstrap.min.css HTTP/1.1" 304 -
0:0:0:0:0:0:0:1 - - [26/Oct/2018:17:05:35 +0800] "GET /css/fileinput.min.css HTTP/1.1" 304 -
0:0:0:0:0:0:0:1 - - [26/Oct/2018:17:05:35 +0800] "GET /css/bootstrap-datetimepicker.min.css HTTP/1.1" 304 -
0:0:0:0:0:0:0:1 - - [26/Oct/2018:17:05:35 +0800] "GET /css/font-awesome.min.css HTTP/1.1" 404 139
0:0:0:0:0:0:0:1 - - [26/Oct/2018:17:05:35 +0800] "GET /form_builder/animate.min.css HTTP/1.1" 304 -
0:0:0:0:0:0:0:1 - - [26/Oct/2018:17:05:35 +0800] "GET /form_builder/style.min862f.css HTTP/1.1" 304 -
0:0:0:0:0:0:0:1 - - [26/Oct/2018:17:05:35 +0800] "GET /js/bootstrap.min.js HTTP/1.1" 304 -
0:0:0:0:0:0:0:1 - - [26/Oct/2018:17:05:35 +0800] "GET /js/jquery.min.js HTTP/1.1" 304 -
0:0:0:0:0:0:0:1 - - [26/Oct/2018:17:05:35 +0800] "GET /javascript/fileinput.min.js HTTP/1.1" 304 -
0:0:0:0:0:0:0:1 - - [26/Oct/2018:17:05:35 +0800] "GET /form_builder/summernote.css HTTP/1.1" 304 -
0:0:0:0:0:0:0:1 - - [26/Oct/2018:17:05:35 +0800] "GET /javascript/bootstrap-datetimepicker.min.js HTTP/1.1" 304 -
0:0:0:0:0:0:0:1 - - [26/Oct/2018:17:05:35 +0800] "GET /javascript/distpicker.data.min.js HTTP/1.1" 304 -
0:0:0:0:0:0:0:1 - - [26/Oct/2018:17:05:35 +0800] "GET /javascript/zh.js HTTP/1.1" 304 -
0:0:0:0:0:0:0:1 - - [26/Oct/2018:17:05:35 +0800] "GET /javascript/distpicker.min.js HTTP/1.1" 304 -
0:0:0:0:0:0:0:1 - - [26/Oct/2018:17:05:35 +0800] "GET /css/index.css HTTP/1.1" 304 -
0:0:0:0:0:0:0:1 - - [26/Oct/2018:17:05:35 +0800] "GET /form_builder/beautifyhtml.js HTTP/1.1" 304 -
0:0:0:0:0:0:0:1 - - [26/Oct/2018:17:05:35 +0800] "GET /js/jquery-ui.min.js HTTP/1.1" 304 -
0:0:0:0:0:0:0:1 - - [26/Oct/2018:17:05:35 +0800] "GET /javascript/bootstrap-datetimepicker.zh-CN.js HTTP/1.1" 304 -
0:0:0:0:0:0:0:1 - - [26/Oct/2018:17:05:35 +0800] "GET /javascript/index.js HTTP/1.1" 304 -
0:0:0:0:0:0:0:1 - - [26/Oct/2018:17:05:35 +0800] "GET /image/add_form_img01.png HTTP/1.1" 304 -
0:0:0:0:0:0:0:1 - - [26/Oct/2018:17:05:35 +0800] "GET /image/add_form_img05.png HTTP/1.1" 304 -
0:0:0:0:0:0:0:1 - - [26/Oct/2018:17:05:35 +0800] "GET /image/add_form_img03.png HTTP/1.1" 304 -
0:0:0:0:0:0:0:1 - - [26/Oct/2018:17:05:35 +0800] "GET /image/add_form_img04.png HTTP/1.1" 304 -
0:0:0:0:0:0:0:1 - - [26/Oct/2018:17:05:35 +0800] "GET /image/add_form_img02.png HTTP/1.1" 304 -
0:0:0:0:0:0:0:1 - - [26/Oct/2018:17:05:35 +0800] "GET /image/add_form_img06.png HTTP/1.1" 304 -
0:0:0:0:0:0:0:1 - - [26/Oct/2018:17:05:35 +0800] "GET /image/add_form_img07.png HTTP/1.1" 304 -
0:0:0:0:0:0:0:1 - - [26/Oct/2018:17:05:35 +0800] "GET /image/add_form_img08.png HTTP/1.1" 304 -
0:0:0:0:0:0:0:1 - - [26/Oct/2018:17:05:35 +0800] "GET /image/set-til.png HTTP/1.1" 404 132
