0:0:0:0:0:0:0:1 - - [09/Oct/2018:09:30:07 +0800] "GET / HTTP/1.1" 404 306
0:0:0:0:0:0:0:1 - - [09/Oct/2018:09:34:23 +0800] "GET / HTTP/1.1" 404 306
0:0:0:0:0:0:0:1 - - [09/Oct/2018:09:34:24 +0800] "GET /favicon.ico HTTP/1.1" 200 946
0:0:0:0:0:0:0:1 - - [09/Oct/2018:09:34:25 +0800] "GET / HTTP/1.1" 404 306
0:0:0:0:0:0:0:1 - - [09/Oct/2018:09:34:25 +0800] "GET /favicon.ico HTTP/1.1" 200 946
0:0:0:0:0:0:0:1 - - [09/Oct/2018:09:46:27 +0800] "GET / HTTP/1.1" 200 12
0:0:0:0:0:0:0:1 - - [09/Oct/2018:09:47:28 +0800] "GET /id HTTP/1.1" 404 306
0:0:0:0:0:0:0:1 - - [09/Oct/2018:09:47:34 +0800] "GET /id HTTP/1.1" 404 306
0:0:0:0:0:0:0:1 - - [09/Oct/2018:09:47:40 +0800] "GET /%7Bid%7D HTTP/1.1" 404 306
0:0:0:0:0:0:0:1 - - [09/Oct/2018:09:47:51 +0800] "GET /2 HTTP/1.1" 404 306
0:0:0:0:0:0:0:1 - - [09/Oct/2018:09:48:00 +0800] "GET /user1/1 HTTP/1.1" 200 69
0:0:0:0:0:0:0:1 - - [09/Oct/2018:09:48:06 +0800] "GET /user1/3 HTTP/1.1" 200 69
0:0:0:0:0:0:0:1 - - [09/Oct/2018:10:19:05 +0800] "GET / HTTP/1.1" 200 12
0:0:0:0:0:0:0:1 - - [09/Oct/2018:10:19:20 +0800] "GET /lists HTTP/1.1" 404 306
0:0:0:0:0:0:0:1 - - [09/Oct/2018:10:19:30 +0800] "GET /list HTTP/1.1" 404 306
0:0:0:0:0:0:0:1 - - [09/Oct/2018:10:19:41 +0800] "GET /list HTTP/1.1" 404 306
0:0:0:0:0:0:0:1 - - [09/Oct/2018:10:19:56 +0800] "GET /user1/lists HTTP/1.1" 400 481
0:0:0:0:0:0:0:1 - - [09/Oct/2018:10:20:03 +0800] "GET /user1/list HTTP/1.1" 200 613
0:0:0:0:0:0:0:1 - - [09/Oct/2018:10:32:04 +0800] "GET /user1/list HTTP/1.1" 200 613
0:0:0:0:0:0:0:1 - - [09/Oct/2018:10:32:10 +0800] "GET /user1/list HTTP/1.1" 200 613
0:0:0:0:0:0:0:1 - - [09/Oct/2018:10:32:18 +0800] "GET / HTTP/1.1" 500 444
0:0:0:0:0:0:0:1 - - [09/Oct/2018:10:32:25 +0800] "GET /index HTTP/1.1" 404 306
0:0:0:0:0:0:0:1 - - [09/Oct/2018:10:32:42 +0800] "GET / HTTP/1.1" 500 444
0:0:0:0:0:0:0:1 - - [09/Oct/2018:10:38:13 +0800] "GET / HTTP/1.1" 500 448
0:0:0:0:0:0:0:1 - - [09/Oct/2018:10:39:51 +0800] "GET / HTTP/1.1" 500 449
0:0:0:0:0:0:0:1 - - [09/Oct/2018:10:40:01 +0800] "GET /user/detail.html HTTP/1.1" 400 482
0:0:0:0:0:0:0:1 - - [09/Oct/2018:10:42:48 +0800] "GET / HTTP/1.1" 500 438
0:0:0:0:0:0:0:1 - - [09/Oct/2018:10:43:11 +0800] "GET / HTTP/1.1" 500 371
0:0:0:0:0:0:0:1 - - [09/Oct/2018:10:50:10 +0800] "GET / HTTP/1.1" 500 371
0:0:0:0:0:0:0:1 - - [09/Oct/2018:10:51:46 +0800] "GET / HTTP/1.1" 500 371
0:0:0:0:0:0:0:1 - - [09/Oct/2018:10:53:45 +0800] "GET / HTTP/1.1" 500 371
0:0:0:0:0:0:0:1 - - [09/Oct/2018:10:55:10 +0800] "GET / HTTP/1.1" 500 371
0:0:0:0:0:0:0:1 - - [09/Oct/2018:10:55:19 +0800] "GET / HTTP/1.1" 500 371
0:0:0:0:0:0:0:1 - - [09/Oct/2018:10:55:23 +0800] "GET / HTTP/1.1" 500 371
0:0:0:0:0:0:0:1 - - [09/Oct/2018:10:55:26 +0800] "GET / HTTP/1.1" 500 371
0:0:0:0:0:0:0:1 - - [09/Oct/2018:10:56:59 +0800] "GET / HTTP/1.1" 200 284
0:0:0:0:0:0:0:1 - - [09/Oct/2018:10:59:32 +0800] "GET / HTTP/1.1" 200 276
0:0:0:0:0:0:0:1 - - [09/Oct/2018:10:59:37 +0800] "GET / HTTP/1.1" 200 276
0:0:0:0:0:0:0:1 - - [09/Oct/2018:10:59:41 +0800] "GET / HTTP/1.1" 200 276
0:0:0:0:0:0:0:1 - - [09/Oct/2018:10:59:54 +0800] "GET / HTTP/1.1" 200 276
0:0:0:0:0:0:0:1 - - [09/Oct/2018:11:01:12 +0800] "GET / HTTP/1.1" 200 284
0:0:0:0:0:0:0:1 - - [09/Oct/2018:11:02:51 +0800] "GET /user1 HTTP/1.1" 404 306
0:0:0:0:0:0:0:1 - - [09/Oct/2018:11:03:03 +0800] "GET /user1/list2.html HTTP/1.1" 400 481
0:0:0:0:0:0:0:1 - - [09/Oct/2018:11:06:07 +0800] "GET /user/detail.html HTTP/1.1" 400 482
0:0:0:0:0:0:0:1 - - [09/Oct/2018:11:08:41 +0800] "GET /user/detail.html HTTP/1.1" 400 482
0:0:0:0:0:0:0:1 - - [09/Oct/2018:11:08:47 +0800] "GET / HTTP/1.1" 200 284
0:0:0:0:0:0:0:1 - - [09/Oct/2018:11:13:03 +0800] "GET /user HTTP/1.1" 404 306
0:0:0:0:0:0:0:1 - - [09/Oct/2018:11:20:15 +0800] "GET /user/list HTTP/1.1" 200 1794
0:0:0:0:0:0:0:1 - - [09/Oct/2018:11:20:29 +0800] "GET /user/id HTTP/1.1" 400 478
0:0:0:0:0:0:0:1 - - [09/Oct/2018:11:20:40 +0800] "GET /user/id HTTP/1.1" 400 478
0:0:0:0:0:0:0:1 - - [09/Oct/2018:11:20:46 +0800] "GET /user/%7Bid%7D HTTP/1.1" 400 480
0:0:0:0:0:0:0:1 - - [09/Oct/2018:11:20:52 +0800] "GET /user/listt HTTP/1.1" 400 481
0:0:0:0:0:0:0:1 - - [09/Oct/2018:11:20:54 +0800] "GET /user/list HTTP/1.1" 200 1794
0:0:0:0:0:0:0:1 - - [09/Oct/2018:11:21:25 +0800] "GET /user/2 HTTP/1.1" 200 389
0:0:0:0:0:0:0:1 - - [09/Oct/2018:11:24:47 +0800] "GET /user/list HTTP/1.1" 200 1794
0:0:0:0:0:0:0:1 - - [09/Oct/2018:11:25:01 +0800] "GET /user1/list HTTP/1.1" 200 613
0:0:0:0:0:0:0:1 - - [09/Oct/2018:14:11:55 +0800] "GET / HTTP/1.1" 500 438
0:0:0:0:0:0:0:1 - - [09/Oct/2018:14:12:06 +0800] "GET /user/detail.html HTTP/1.1" 400 482
0:0:0:0:0:0:0:1 - - [09/Oct/2018:14:12:12 +0800] "GET /user/list HTTP/1.1" 200 1794
0:0:0:0:0:0:0:1 - - [09/Oct/2018:14:13:29 +0800] "GET / HTTP/1.1" 500 438
0:0:0:0:0:0:0:1 - - [09/Oct/2018:14:15:13 +0800] "GET / HTTP/1.1" 500 438
0:0:0:0:0:0:0:1 - - [09/Oct/2018:14:15:54 +0800] "GET / HTTP/1.1" 500 438
0:0:0:0:0:0:0:1 - - [09/Oct/2018:14:16:31 +0800] "GET / HTTP/1.1" 500 438
0:0:0:0:0:0:0:1 - - [09/Oct/2018:14:16:31 +0800] "GET /favicon.ico HTTP/1.1" 200 946
0:0:0:0:0:0:0:1 - - [09/Oct/2018:14:17:27 +0800] "GET / HTTP/1.1" 200 284
0:0:0:0:0:0:0:1 - - [09/Oct/2018:14:24:40 +0800] "GET /user/list HTTP/1.1" 200 1794
0:0:0:0:0:0:0:1 - - [09/Oct/2018:14:24:48 +0800] "GET / HTTP/1.1" 200 284
0:0:0:0:0:0:0:1 - - [09/Oct/2018:14:25:14 +0800] "GET / HTTP/1.1" 200 284
0:0:0:0:0:0:0:1 - - [09/Oct/2018:14:25:15 +0800] "GET /favicon.ico HTTP/1.1" 200 946
0:0:0:0:0:0:0:1 - - [09/Oct/2018:14:25:18 +0800] "GET / HTTP/1.1" 200 284
0:0:0:0:0:0:0:1 - - [09/Oct/2018:14:26:57 +0800] "GET / HTTP/1.1" 200 373
0:0:0:0:0:0:0:1 - - [09/Oct/2018:14:26:58 +0800] "GET /favicon.ico HTTP/1.1" 200 946
0:0:0:0:0:0:0:1 - - [09/Oct/2018:14:27:01 +0800] "GET /user/list HTTP/1.1" 200 1794
0:0:0:0:0:0:0:1 - - [09/Oct/2018:14:27:12 +0800] "GET /user/list HTTP/1.1" 200 1794
0:0:0:0:0:0:0:1 - - [09/Oct/2018:14:27:21 +0800] "GET /user/list HTTP/1.1" 200 1794
0:0:0:0:0:0:0:1 - - [09/Oct/2018:14:27:26 +0800] "GET /user/list HTTP/1.1" 200 1794
0:0:0:0:0:0:0:1 - - [09/Oct/2018:14:27:32 +0800] "GET /user/list HTTP/1.1" 200 1794
